<?xml version="1.0" encoding="UTF-8"?>
<!-- Generated by org.testng.reporters.JUnitReportReporter -->
<testsuite hostname="LAPTOP-BN2PEUAF" failures="0" tests="7" name="demo.Login" time="12.829" errors="0" timestamp="2023-06-25T21:40:35 IST" skipped="0">
  <testcase classname="demo.Login" name="setup" time="4.080"/>
  <testcase classname="demo.Login" name="test_title" time="0.061"/>
  <testcase classname="demo.Login" name="test_login_details" time="6.006"/>
  <testcase classname="demo.Login" name="test_url" time="0.019"/>
  <testcase classname="demo.Login" name="test_table_clickable" time="0.084"/>
  <testcase classname="demo.Login" name="test_sort" time="2.193"/>
  <testcase classname="demo.Login" name="closeBrowser" time="0.386"/>
</testsuite> <!-- demo.Login -->
